CDIQAA
CGQQAA
CJYBEAA
CMgBEAA
CPoBEAA
CKwCEAA
CN4CEAA
CJADEAA
CMIDEAA
CPQDEAA
CKYEEAA
CNgEEAA
CIoFEAA
CLwFEAA
CO4FEAA
CKAGEAA
CNIGEAA
CIQHEAA
CLYHEAA
" Film & Animation"

CDIQAA
CGQQAA
CJYBEAA
CMgBEAA
CPoBEAA
CKwCEAA
CN4CEAA
CJADEAA
CMIDEAA
CPQDEAA
CKYEEAA
CNgEEAA
CIoFEAA
CLwFEAA
CO4FEAA
CKAGEAA
CNIGEAA
CIQHEAA
CLYHEAA
"Music"

CDIQAA
CGQQAA
CJYBEAA
CMgBEAA
CPoBEAA
CKwCEAA
CN4CEAA
CJADEAA
CMIDEAA
CPQDEAA
CKYEEAA
CNgEEAA
CIoFEAA
CLwFEAA
CO4FEAA
CKAGEAA
CNIGEAA
CIQHEAA
CLYHEAA
"Pets & Animals"

CDIQAA
CGQQAA
CJYBEAA
CMgBEAA
"Sports"

"Short Movies"

"Gaming"

"Videoblogging"

"People & Blogs"

"Comedy"

"Entertainment"

"News & Politics"

"Howto & Style"

"Education"

"Nonprofits & Activism"

"Movies"

"Anime/Animation"

"Action/Adventure"

"Classics"

"Comedy"

"Documentary"

"Drama"

"Foreign"

"Horror"

"Sci-Fi/Fantasy"

"Thriller"

"Shorts"

"Shows"

"Trailers"

"JavaScript"

"Pokemon"

"Magic"

"Dance"


CDIQAA
CGQQAA
CJYBEAA
CMgBEAA
CPoBEAA
CKwCEAA
CN4CEAA
CJADEAA
CMIDEAA
CPQDEAA
CKYEEAA
CNgEEAA
CIoFEAA
CLwFEAA
CO4FEAA
CKAGEAA
CNIGEAA
CIQHEAA
CLYHEAA
"Short Movies"

CDIQAA
CGQQAA
CJYBEAA
CMgBEAA
CPoBEAA
CKwCEAA
CN4CEAA
CJADEAA
CMIDEAA
CPQDEAA
CKYEEAA
CNgEEAA
CIoFEAA
CLwFEAA
CO4FEAA
CKAGEAA
CNIGEAA
CIQHEAA
CLYHEAA
"Gaming"

CDIQAA
CGQQAA
CJYBEAA
CMgBEAA
CPoBEAA
CKwCEAA
CN4CEAA
CJADEAA
CMIDEAA
CPQDEAA
CKYEEAA
CNgEEAA
CIoFEAA
CLwFEAA
CO4FEAA
CKAGEAA
CNIGEAA
CIQHEAA
CLYHEAA
"Videoblogging"

CDIQAA
CGQQAA
CJYBEAA
CMgBEAA
CPoBEAA
CKwCEAA
CN4CEAA
CJADEAA
CMIDEAA
CPQDEAA
CKYEEAA
CNgEEAA
CIoFEAA
CLwFEAA
CO4FEAA
CKAGEAA
CNIGEAA
CIQHEAA
CLYHEAA
"People & Blogs"

CDIQAA
CGQQAA
CJYBEAA
CMgBEAA
CPoBEAA
CKwCEAA
CN4CEAA
CJADEAA
CMIDEAA
CPQDEAA
CKYEEAA
CNgEEAA
CIoFEAA
CLwFEAA
CO4FEAA
CKAGEAA
CNIGEAA
CIQHEAA
CLYHEAA
"Comedy"

CDIQAA
CGQQAA
CJYBEAA
CMgBEAA
CPoBEAA
CKwCEAA
CN4CEAA
CJADEAA
CMIDEAA
CPQDEAA
CKYEEAA
CNgEEAA
CIoFEAA
CLwFEAA
CO4FEAA
CKAGEAA
CNIGEAA
CIQHEAA
CLYHEAA
"Entertainment"

CDIQAA
CGQQAA
CJYBEAA
CMgBEAA
CPoBEAA
CKwCEAA
CN4CEAA
CJADEAA
CMIDEAA
CPQDEAA
CKYEEAA
CNgEEAA
CIoFEAA
CLwFEAA
CO4FEAA
CKAGEAA
CNIGEAA
CIQHEAA
CLYHEAA
"News & Politics"

CDIQAA
CGQQAA
CJYBEAA
CMgBEAA
CPoBEAA
CKwCEAA
CN4CEAA
CJADEAA
CMIDEAA
CPQDEAA
CKYEEAA
CNgEEAA
CIoFEAA
CLwFEAA
CO4FEAA
CKAGEAA
CNIGEAA
CIQHEAA
CLYHEAA
"Howto & Style"

CDIQAA
CGQQAA
CJYBEAA
CMgBEAA
CPoBEAA
CKwCEAA
CN4CEAA
CJADEAA
CMIDEAA
CPQDEAA
CKYEEAA
CNgEEAA
CIoFEAA
CLwFEAA
CO4FEAA
CKAGEAA
CNIGEAA
CIQHEAA
CLYHEAA
"Education"

CDIQAA
CGQQAA
CJYBEAA
CMgBEAA
CPoBEAA
CKwCEAA
CN4CEAA
CJADEAA
CMIDEAA
CPQDEAA
CKYEEAA
CNgEEAA
CIoFEAA
CLwFEAA
CO4FEAA
CKAGEAA
CNIGEAA
CIQHEAA
CLYHEAA
"Nonprofits & Activism"

CDIQAA
CGQQAA
CJYBEAA
CMgBEAA
CPoBEAA
CKwCEAA
CN4CEAA
CJADEAA
CMIDEAA
CPQDEAA
CKYEEAA
CNgEEAA
CIoFEAA
CLwFEAA
CO4FEAA
CKAGEAA
CNIGEAA
CIQHEAA
CLYHEAA
"Movies"

CDIQAA
CGQQAA
CJYBEAA
CMgBEAA
CPoBEAA
CKwCEAA
CN4CEAA
CJADEAA
CMIDEAA
CPQDEAA
CKYEEAA
CNgEEAA
CIoFEAA
CLwFEAA
CO4FEAA
CKAGEAA
CNIGEAA
CIQHEAA
CLYHEAA
"Anime/Animation"

CDIQAA
CGQQAA
CJYBEAA
CMgBEAA
CPoBEAA
CKwCEAA
CN4CEAA
CJADEAA
CMIDEAA
CPQDEAA
CKYEEAA
CNgEEAA
CIoFEAA
CLwFEAA
CO4FEAA
CKAGEAA
CNIGEAA
CIQHEAA
CLYHEAA
"Action/Adventure"

CDIQAA
CGQQAA
CJYBEAA
CMgBEAA
CPoBEAA
CKwCEAA
CN4CEAA
CJADEAA
CMIDEAA
CPQDEAA
CKYEEAA
CNgEEAA
CIoFEAA
CLwFEAA
CO4FEAA
CKAGEAA
CNIGEAA
CIQHEAA
CLYHEAA
"Classics"

CDIQAA
CGQQAA
CJYBEAA
CMgBEAA
CPoBEAA
CKwCEAA
CN4CEAA
CJADEAA
CMIDEAA
CPQDEAA
CKYEEAA
CNgEEAA
CIoFEAA
CLwFEAA
CO4FEAA
CKAGEAA
CNIGEAA
CIQHEAA
CLYHEAA
"Comedy"

CDIQAA
CGQQAA
CJYBEAA
CMgBEAA
CPoBEAA
CKwCEAA
CN4CEAA
CJADEAA
CMIDEAA
CPQDEAA
CKYEEAA
CNgEEAA
CIoFEAA
CLwFEAA
CO4FEAA
CKAGEAA
CNIGEAA
CIQHEAA
CLYHEAA
"Documentary"

CDIQAA
CGQQAA
CJYBEAA
CMgBEAA
CPoBEAA
CKwCEAA
CN4CEAA
CJADEAA
CMIDEAA
CPQDEAA
CKYEEAA
CNgEEAA
CIoFEAA
CLwFEAA
CO4FEAA
CKAGEAA
CNIGEAA
CIQHEAA
CLYHEAA
"Drama"

CDIQAA
CGQQAA
CJYBEAA
CMgBEAA
CPoBEAA
CKwCEAA
CN4CEAA
CJADEAA
CMIDEAA
CPQDEAA
CKYEEAA
CNgEEAA
CIoFEAA
CLwFEAA
CO4FEAA
CKAGEAA
CNIGEAA
CIQHEAA
CLYHEAA
"Horror"

CDIQAA
CGQQAA
CJYBEAA
CMgBEAA
CPoBEAA
CKwCEAA
CN4CEAA
CJADEAA
CMIDEAA
CPQDEAA
CKYEEAA
CNgEEAA
CIoFEAA
CLwFEAA
CO4FEAA
CKAGEAA
CNIGEAA
CIQHEAA
CLYHEAA
"Sci-Fi/Fantasy"

CDIQAA
CGQQAA
CJYBEAA
CMgBEAA
CPoBEAA
CKwCEAA
CN4CEAA
CJADEAA
CMIDEAA
CPQDEAA
CKYEEAA
CNgEEAA
CIoFEAA
CLwFEAA
CO4FEAA
CKAGEAA
CNIGEAA
CIQHEAA
CLYHEAA
"Thriller"

CDIQAA
CGQQAA
CJYBEAA
CMgBEAA
CPoBEAA
CKwCEAA
CN4CEAA
CJADEAA
CMIDEAA
CPQDEAA
CKYEEAA
CNgEEAA
CIoFEAA
CLwFEAA
CO4FEAA
CKAGEAA
CNIGEAA
CIQHEAA
CLYHEAA
"Shorts"

CDIQAA
CGQQAA
CJYBEAA
CMgBEAA
CPoBEAA
CKwCEAA
CN4CEAA
CJADEAA
CMIDEAA
CPQDEAA
CKYEEAA
CNgEEAA
CIoFEAA
CLwFEAA
CO4FEAA
CKAGEAA
CNIGEAA
CIQHEAA
CLYHEAA
"Shows"

CDIQAA
CGQQAA
CJYBEAA
CMgBEAA
CPoBEAA
CKwCEAA
CN4CEAA
CJADEAA
CMIDEAA
CPQDEAA
CKYEEAA
CNgEEAA
CIoFEAA
CLwFEAA
CO4FEAA
CKAGEAA
CNIGEAA
CIQHEAA
CLYHEAA
"Trailers"

CDIQAA
CGQQAA
CJYBEAA
CMgBEAA
CPoBEAA
CKwCEAA
CN4CEAA
CJADEAA
CMIDEAA
CPQDEAA
CKYEEAA
CNgEEAA
CIoFEAA
CLwFEAA
CO4FEAA
CKAGEAA
CNIGEAA
CIQHEAA
CLYHEAA
"JavaScript"

CDIQAA
CGQQAA
CJYBEAA
CMgBEAA
CPoBEAA
CKwCEAA
CN4CEAA
CJADEAA
CMIDEAA
CPQDEAA
CKYEEAA
CNgEEAA
CIoFEAA
CLwFEAA
CO4FEAA
CKAGEAA
CNIGEAA
CIQHEAA
CLYHEAA
"Pokemon"

CDIQAA
CGQQAA
CJYBEAA
CMgBEAA
CPoBEAA
CKwCEAA
CN4CEAA
CJADEAA
CMIDEAA
CPQDEAA
CKYEEAA
CNgEEAA
CIoFEAA
CLwFEAA
CO4FEAA
CKAGEAA
CNIGEAA
CIQHEAA
CLYHEAA
"Magic"

CDIQAA
CGQQAA
CJYBEAA
CMgBEAA
CPoBEAA
CKwCEAA
CN4CEAA
CJADEAA
CMIDEAA
CPQDEAA
CKYEEAA
CNgEEAA
CIoFEAA
CLwFEAA
CO4FEAA
CKAGEAA
CNIGEAA
CIQHEAA
CLYHEAA
"Dance"

CDIQAA
CGQQAA
CJYBEAA
CMgBEAA
CPoBEAA
CKwCEAA
CN4CEAA
CJADEAA
CMIDEAA
CPQDEAA
CKYEEAA
CNgEEAA
CIoFEAA
CLwFEAA
CO4FEAA
CKAGEAA
CNIGEAA
CIQHEAA
CLYHEAA
"Minecraft"

CDIQAA
CGQQAA
CJYBEAA
CMgBEAA
CPoBEAA
CKwCEAA
CN4CEAA
CJADEAA
CMIDEAA
CPQDEAA
CKYEEAA
CNgEEAA
CIoFEAA
CLwFEAA
CO4FEAA
CKAGEAA
CNIGEAA
CIQHEAA
CLYHEAA
"League of Legends"

CDIQAA
CGQQAA
CJYBEAA
CMgBEAA
CPoBEAA
CKwCEAA
CN4CEAA
CJADEAA
CMIDEAA
CPQDEAA
CKYEEAA
CNgEEAA
CIoFEAA
CLwFEAA
CO4FEAA
CKAGEAA
CNIGEAA
CIQHEAA
CLYHEAA
"Dota 2"

CDIQAA
CGQQAA
CJYBEAA
CMgBEAA
CPoBEAA
CKwCEAA
CN4CEAA
CJADEAA
CMIDEAA
CPQDEAA
CKYEEAA
CNgEEAA
CIoFEAA
CDIQAA
CGQQAA
CJYBEAA
CMgBEAA
CPoBEAA
CKwCEAA
CN4CEAA
CJADEAA
CMIDEAA
CPQDEAA
CKYEEAA
CNgEEAA
CIoFEAA
CLwFEAA
CO4FEAA
CKAGEAA
CNIGEAA
CIQHEAA
CLYHEAA
"Horror"

CDIQAA
CGQQAA
CJYBEAA
CMgBEAA
CPoBEAA
CKwCEAA
CN4CEAA
CJADEAA
CMIDEAA
CPQDEAA
CKYEEAA
CNgEEAA
CIoFEAA
CLwFEAA
CO4FEAA
CKAGEAA
CNIGEAA
CIQHEAA
CLYHEAA
"Sci-Fi/Fantasy"

CDIQAA
CGQQAA
CJYBEAA
CMgBEAA
CPoBEAA
CKwCEAA
CN4CEAA
CJADEAA
CMIDEAA
CPQDEAA
CKYEEAA
CNgEEAA
CIoFEAA
CLwFEAA
CO4FEAA
CKAGEAA
CNIGEAA
CIQHEAA
CLYHEAA
"Thriller"

CDIQAA
CGQQAA
CJYBEAA
CMgBEAA
CPoBEAA
CKwCEAA
CN4CEAA
CJADEAA
CMIDEAA
CPQDEAA
CKYEEAA
CNgEEAA
CIoFEAA
CLwFEAA
CO4FEAA
CKAGEAA
CNIGEAA
CIQHEAA
CLYHEAA
"Shorts"

CDIQAA
CGQQAA
CJYBEAA
CMgBEAA
CPoBEAA
CKwCEAA
CN4CEAA
CJADEAA
CMIDEAA
CPQDEAA
CKYEEAA
CNgEEAA
CIoFEAA
CLwFEAA
CO4FEAA
CKAGEAA
CNIGEAA
CIQHEAA
CLYHEAA
"Shows"

CDIQAA
CGQQAA
CJYBEAA
CMgBEAA
CPoBEAA
CKwCEAA
CN4CEAA
CJADEAA
CMIDEAA
CPQDEAA
CKYEEAA
CNgEEAA
CIoFEAA
CLwFEAA
CO4FEAA
CKAGEAA
CNIGEAA
CIQHEAA
CLYHEAA
"Trailers"

CDIQAA
CGQQAA
CJYBEAA
CMgBEAA
CPoBEAA
CKwCEAA
CN4CEAA
CJADEAA
CMIDEAA
CPQDEAA
CKYEEAA
CNgEEAA
CIoFEAA
CLwFEAA
CO4FEAA
CKAGEAA
CNIGEAA
CIQHEAA
CLYHEAA
"JavaScript"

CDIQAA
CGQQAA
CJYBEAA
CMgBEAA
CPoBEAA
CKwCEAA
CN4CEAA
CJADEAA
CMIDEAA
CPQDEAA
CKYEEAA
CNgEEAA
CIoFEAA
CLwFEAA
CO4FEAA
CKAGEAA
CNIGEAA
CIQHEAA
CLYHEAA
"Pokemon"

CDIQAA
CGQQAA
CJYBEAA
CMgBEAA
CPoBEAA
CKwCEAA
CN4CEAA
CJADEAA
CMIDEAA
CPQDEAA
CKYEEAA
CNgEEAA
CIoFEAA
CLwFEAA
CO4FEAA
CKAGEAA
CNIGEAA
CIQHEAA
CLYHEAA
"Magic"

CDIQAA
CGQQAA
CJYBEAA
CMgBEAA
CPoBEAA
CKwCEAA
CN4CEAA
CJADEAA
CMIDEAA
CPQDEAA
CKYEEAA
CNgEEAA
CIoFEAA
CLwFEAA
CO4FEAA
CKAGEAA
CNIGEAA
CIQHEAA
CLYHEAA
"Dance"

CDIQAA
CGQQAA
CJYBEAA
CMgBEAA
CPoBEAA
CKwCEAA
CN4CEAA
CJADEAA
CMIDEAA
CPQDEAA
CKYEEAA
CNgEEAA
CIoFEAA
CLwFEAA
CO4FEAA
CKAGEAA
CNIGEAA
CIQHEAA
CLYHEAA
"Minecraft"

CDIQAA
CGQQAA
CJYBEAA
CMgBEAA
CPoBEAA
CKwCEAA
CN4CEAA
CJADEAA
CMIDEAA
CPQDEAA
CKYEEAA
CNgEEAA
CIoFEAA
CLwFEAA
CO4FEAA
CKAGEAA
CNIGEAA
CIQHEAA
CLYHEAA
"League of Legends"

CDIQAA
CGQQAA
CJYBEAA
CMgBEAA
CPoBEAA
CKwCEAA
CN4CEAA
CJADEAA
CMIDEAA
CPQDEAA
CKYEEAA
CNgEEAA
CIoFEAA
CLwFEAA
CO4FEAA
CKAGEAA
CNIGEAA
CIQHEAA
CLYHEAA
"Dota 2"

CDIQAA
CGQQAA
CJYBEAA
CMgBEAA
CPoBEAA
CKwCEAA
CN4CEAA
CJADEAA
CMIDEAA
CPQDEAA
CKYEEAA
CNgEEAA
CIoFEAA
CLwFEAA
CO4FEAA
CKAGEAA
CNIGEAA
CIQHEAA
CLYHEAA
"CS:GO"

CDIQAA
CGQQAA
CJYBEAA
CMgBEAA
CPoBEAA
CKwCEAA
CN4CEAA
CDIQAA
CGQQAA
CJYBEAA
CMgBEAA
CPoBEAA
CKwCEAA
CN4CEAA
CJADEAA
CMIDEAA
CPQDEAA
CKYEEAA
CNgEEAA
CIoFEAA
CLwFEAA
CO4FEAA
CKAGEAA
CNIGEAA
CIQHEAA
CLYHEAA
"World of Warcraft"

CDIQAA
CGQQAA
CJYBEAA
CMgBEAA
CPoBEAA
CKwCEAA
CN4CEAA
CJADEAA
CMIDEAA
CPQDEAA
CKYEEAA
CNgEEAA
CIoFEAA
CLwFEAA
CO4FEAA
CKAGEAA
CNIGEAA
CIQHEAA
CLYHEAA
"Overwatch"

CDIQAA
CGQQAA
CJYBEAA
CMgBEAA
CPoBEAA
CKwCEAA
CN4CEAA
CJADEAA
CMIDEAA
CPQDEAA
CKYEEAA
CNgEEAA
CIoFEAA
CLwFEAA
CO4FEAA
CKAGEAA
CNIGEAA
CIQHEAA
CLYHEAA
"COD"

CDIQAA
CGQQAA
CJYBEAA
CMgBEAA
CPoBEAA
CKwCEAA
CN4CEAA
CJADEAA
CMIDEAA
CPQDEAA
CKYEEAA
CNgEEAA
CIoFEAA
CLwFEAA
CO4FEAA
CKAGEAA
CNIGEAA
CIQHEAA
CLYHEAA
"Makeup"

CDIQAA
CGQQAA
CJYBEAA
CMgBEAA
CPoBEAA
CKwCEAA
CN4CEAA
CJADEAA
CMIDEAA
CPQDEAA
CKYEEAA
CNgEEAA
CIoFEAA
CLwFEAA
CO4FEAA
CKAGEAA
CNIGEAA
CIQHEAA
CLYHEAA
"Woodworking"

CDIQAA
CGQQAA
CJYBEAA
CMgBEAA
CPoBEAA
CKwCEAA
CN4CEAA
CJADEAA
CMIDEAA
CPQDEAA
CKYEEAA
CNgEEAA
CIoFEAA
CLwFEAA
CO4FEAA
CKAGEAA
CNIGEAA
CIQHEAA
CLYHEAA
"Metalworking"

CDIQAA
CGQQAA
CJYBEAA
CMgBEAA
CPoBEAA
CKwCEAA
CN4CEAA
CJADEAA
CMIDEAA
CPQDEAA
CKYEEAA
CNgEEAA
CIoFEAA
CLwFEAA
CO4FEAA
CKAGEAA
CNIGEAA
CIQHEAA
CLYHEAA
"Fashion"

CDIQAA
CGQQAA
CJYBEAA
CMgBEAA
CPoBEAA
CKwCEAA
CN4CEAA
CJADEAA
CMIDEAA
CPQDEAA
CKYEEAA
CNgEEAA
CIoFEAA
CLwFEAA
CO4FEAA
CKAGEAA
CNIGEAA
CIQHEAA
CLYHEAA
"Dashcam"

CDIQAA
CGQQAA
CJYBEAA
CMgBEAA
CPoBEAA
CKwCEAA
CN4CEAA
CJADEAA
CMIDEAA
CPQDEAA
CKYEEAA
CNgEEAA
CIoFEAA
CLwFEAA
CO4FEAA
CKAGEAA
CNIGEAA
CIQHEAA
CLYHEAA
"Cats"

CDIQAA
CGQQAA
CJYBEAA
CMgBEAA
CPoBEAA
CKwCEAA
CN4CEAA
CJADEAA
CMIDEAA
CPQDEAA
CKYEEAA
CNgEEAA
CIoFEAA
CLwFEAA
CO4FEAA
CKAGEAA
CNIGEAA
CIQHEAA
CLYHEAA
"Dogs"

CDIQAA
CGQQAA
CJYBEAA
CMgBEAA
CPoBEAA
CKwCEAA
CN4CEAA
CJADEAA
CMIDEAA
CPQDEAA
CKYEEAA
CNgEEAA
CIoFEAA
CLwFEAA
CO4FEAA
CKAGEAA
CNIGEAA
CIQHEAA
CLYHEAA
"Cooking"

CDIQAA
CGQQAA
CJYBEAA
CMgBEAA
CPoBEAA
CKwCEAA
CN4CEAA
CJADEAA
CMIDEAA
CPQDEAA
CKYEEAA
CNgEEAA
CIoFEAA
CLwFEAA
CO4FEAA
CKAGEAA
CNIGEAA
CIQHEAA
CLYHEAA
"Tutorials"

CDIQAA
CGQQAA
CJYBEAA
CMgBEAA
CPoBEAA
CKwCEAA
CN4CEAA
CJADEAA
CMIDEAA
CPQDEAA
CKYEEAA
CNgEEAA
CIoFEAA
CLwFEAA
CO4FEAA
CKAGEAA
CNIGEAA
CIQHEAA
CLYHEAA
"Audiobooks"

CDIQAA
CGQQAA
CJYBEAA
CMgBEAA
CPoBEAA
CKwCEAA
CN4CEAA
CJADEAA
CMIDEAA
CPQDEAA
CKYEEAA
CNgEEAA
CIoFEAA
CLwFEAA
CO4FEAA
CKAGEAA
CNIGEAA
CIQHEAA
CLYHEAA
"Podcasts"

CDIQAA
CGQQAA
CJYBEAA
CMgBEAA
CPoBEAA
CKwCEAA
CN4CEAA
CJADEAA
CMIDEAA
CPQDEAA
CKYEEAA
CNgEEAA
CIoFEAA
CLwFEAA
CO4FEAA
CKAGEAA
CNIGEAA
CIQHEAA
CLYHEAA
"News"

CDIQAA
CGQQAA
CJYBEAA
CMgBEAA
CPoBEAA
CKwCEAA
CN4CEAA
CJADEAA
CMIDEAA
CPQDEAA
CKYEEAA
CNgEEAA
CIoFEAA
CLwFEAA
CO4FEAA
CKAGEAA
CNIGEAA
CIQHEAA
CLYHEAA
"Cartoons"

CDIQAA
CGQQAA
CJYBEAA
CMgBEAA
CPoBEAA
CKwCEAA
CN4CEAA
CJADEAA
CMIDEAA
CPQDEAA
CKYEEAA
CNgEEAA
CIoFEAA
CLwFEAA
CO4FEAA
CKAGEAA
CDIQAA
CGQQAA
CJYBEAA
CMgBEAA
CPoBEAA
CKwCEAA
CN4CEAA
CJADEAA
CMIDEAA
CPQDEAA
CKYEEAA
CNgEEAA
CIoFEAA
CLwFEAA
CO4FEAA
CKAGEAA
CNIGEAA
CIQHEAA
CLYHEAA
"Fitness"

CDIQAA
CGQQAA
CJYBEAA
CMgBEAA
CPoBEAA
CKwCEAA
CN4CEAA
CJADEAA
CMIDEAA
CPQDEAA
CKYEEAA
CNgEEAA
CIoFEAA
CLwFEAA
CO4FEAA
CKAGEAA
CNIGEAA
CIQHEAA
CLYHEAA
"Cover"

CDIQAA
CGQQAA
CJYBEAA
CMgBEAA
CPoBEAA
CKwCEAA
CN4CEAA
CJADEAA
CMIDEAA
CPQDEAA
CKYEEAA
CNgEEAA
CIoFEAA
CLwFEAA
CO4FEAA
CKAGEAA
CNIGEAA
CIQHEAA
CLYHEAA
"Olympics"

CDIQAA
CGQQAA
CJYBEAA
CMgBEAA
CPoBEAA
CKwCEAA
CN4CEAA
CJADEAA
CMIDEAA
CPQDEAA
CKYEEAA
CNgEEAA
CIoFEAA
CLwFEAA
CO4FEAA
CKAGEAA
CNIGEAA
CIQHEAA
CLYHEAA
"Football"

CDIQAA
CGQQAA
CJYBEAA
CMgBEAA
CPoBEAA
CKwCEAA
CN4CEAA
CJADEAA
CMIDEAA
CPQDEAA
CKYEEAA
CNgEEAA
CIoFEAA
CLwFEAA
CO4FEAA
CKAGEAA
CNIGEAA
CIQHEAA
CLYHEAA
"Basketball"

CDIQAA
CGQQAA
CJYBEAA
CMgBEAA
CPoBEAA
CKwCEAA
CN4CEAA
CJADEAA
CMIDEAA
CPQDEAA
CKYEEAA
CNgEEAA
CIoFEAA
CLwFEAA
CO4FEAA
CKAGEAA
CNIGEAA
CIQHEAA
CLYHEAA
"Soccer"

CDIQAA
CGQQAA
CJYBEAA
CMgBEAA
CPoBEAA
CKwCEAA
CN4CEAA
CJADEAA
CMIDEAA
CPQDEAA
CKYEEAA
CNgEEAA
CIoFEAA
CLwFEAA
CO4FEAA
CKAGEAA
CNIGEAA
CIQHEAA
CLYHEAA
"Baseball"


CDIQAA
CGQQAA
CJYBEAA
CMgBEAA
CPoBEAA
CKwCEAA
CN4CEAA
CJADEAA
CMIDEAA
CPQDEAA
CKYEEAA
CNgEEAA
CIoFEAA
CLwFEAA
CO4FEAA
CKAGEAA
CNIGEAA
CIQHEAA
CLYHEAA
CDIQAA
CGQQAA
CDIQAA
CGQQAA
"Fitness"

"Cover"

"Olympics"

"Football"

"Basketball"

"Soccer"

"Baseball"


"Fitness"

"Cover"

"Olympics"

"Football"

"Basketball"

"Soccer"

"Baseball"


CDIQAA
CGQQAA
CDIQAA
CGQQAA
CDIQAA
CGQQAA
CDIQAA
CGQQAA
CDIQAA
CGQQAA
CDIQAA
CGQQAA
CDIQAA
CGQQAA
CDIQAA
CGQQAA
CDIQAA
CGQQAA
CDIQAA
CGQQAA
